<?xml version="1.0" encoding="UTF-8"?>
<testng-results ignored="0" total="1" passed="1" failed="0" skipped="0">
  <reporter-output>
  </reporter-output>
  <suite started-at="2022-07-20T19:16:35 CDT" name="Default suite" finished-at="2022-07-20T19:16:44 CDT" duration-ms="9211">
    <groups>
      <group name="cucumber">
        <method signature="AbstractTestNGCucumberTests.feature(cucumber.api.testng.CucumberFeatureWrapper)[pri:0, instance:com.Mou.Frame.TestRunner.testRunner_Class@3e6ef8ad]" name="feature" class="cucumber.api.testng.AbstractTestNGCucumberTests"/>
      </group> <!-- cucumber -->
    </groups>
    <test started-at="2022-07-20T19:16:35 CDT" name="Default test" finished-at="2022-07-20T19:16:44 CDT" duration-ms="9211">
      <class name="com.Mou.Frame.TestRunner.testRunner_Class">
        <test-method is-config="true" signature="startURL()[pri:0, instance:com.Mou.Frame.TestRunner.testRunner_Class@3e6ef8ad]" started-at="2022-07-20T19:16:35 CDT" name="startURL" finished-at="2022-07-20T19:16:37 CDT" duration-ms="2362" status="PASS">
          <reporter-output>
          </reporter-output>
        </test-method> <!-- startURL -->
        <test-method is-config="true" signature="setUpClass()[pri:0, instance:com.Mou.Frame.TestRunner.testRunner_Class@3e6ef8ad]" started-at="2022-07-20T19:16:37 CDT" name="setUpClass" finished-at="2022-07-20T19:16:37 CDT" duration-ms="290" status="PASS">
          <reporter-output>
          </reporter-output>
        </test-method> <!-- setUpClass -->
        <test-method signature="feature(cucumber.api.testng.CucumberFeatureWrapper)[pri:0, instance:com.Mou.Frame.TestRunner.testRunner_Class@3e6ef8ad]" started-at="2022-07-20T19:16:37 CDT" name="feature" description="Runs Cucumber Feature" data-provider="features" finished-at="2022-07-20T19:16:43 CDT" duration-ms="5338" status="PASS">
          <params>
            <param index="0">
              <value>
                <![CDATA[Feature: This feature is to validate cartWatch functionality]]>
              </value>
            </param>
          </params>
          <reporter-output>
          </reporter-output>
        </test-method> <!-- feature -->
        <test-method is-config="true" signature="tearDownClass()[pri:0, instance:com.Mou.Frame.TestRunner.testRunner_Class@3e6ef8ad]" started-at="2022-07-20T19:16:43 CDT" name="tearDownClass" finished-at="2022-07-20T19:16:43 CDT" duration-ms="29" status="PASS">
          <reporter-output>
          </reporter-output>
        </test-method> <!-- tearDownClass -->
        <test-method is-config="true" signature="closeURL()[pri:0, instance:com.Mou.Frame.TestRunner.testRunner_Class@3e6ef8ad]" started-at="2022-07-20T19:16:43 CDT" name="closeURL" finished-at="2022-07-20T19:16:44 CDT" duration-ms="1012" status="PASS">
          <reporter-output>
          </reporter-output>
        </test-method> <!-- closeURL -->
      </class> <!-- com.Mou.Frame.TestRunner.testRunner_Class -->
    </test> <!-- Default test -->
  </suite> <!-- Default suite -->
</testng-results>
